[debug] [2024-11-13T13:23:14.097Z] ----------------------------------------------------------------------
[debug] [2024-11-13T13:23:14.098Z] Command:       /Users/marcoancona/.nvm/versions/node/v18.19.0/bin/node /Users/marcoancona/.nvm/versions/node/v18.19.0/bin/firebase deploy --only hosting:morgen-docs
[debug] [2024-11-13T13:23:14.098Z] CLI Version:   12.9.1
[debug] [2024-11-13T13:23:14.098Z] Platform:      darwin
[debug] [2024-11-13T13:23:14.098Z] Node Version:  v18.19.0
[debug] [2024-11-13T13:23:14.101Z] Time:          Wed Nov 13 2024 14:23:14 GMT+0100 (Central European Standard Time)
[debug] [2024-11-13T13:23:14.101Z] ----------------------------------------------------------------------
[debug] 
[debug] [2024-11-13T13:23:14.102Z] >>> [apiv2][query] GET https://firebase-public.firebaseio.com/cli.json [none]
[debug] [2024-11-13T13:23:14.156Z] > command requires scopes: ["email","openid","https://www.googleapis.com/auth/cloudplatformprojects.readonly","https://www.googleapis.com/auth/firebase","https://www.googleapis.com/auth/cloud-platform"]
[debug] [2024-11-13T13:23:14.156Z] > authorizing via signed-in user (marco@morgen.so)
[debug] [2024-11-13T13:23:14.156Z] [iam] checking project morgen-d34db for permissions ["firebase.projects.get","firebasehosting.sites.update"]
[debug] [2024-11-13T13:23:14.156Z] > refreshing access token with scopes: []
[debug] [2024-11-13T13:23:14.157Z] >>> [apiv2][query] POST https://www.googleapis.com/oauth2/v3/token [none]
[debug] [2024-11-13T13:23:14.157Z] >>> [apiv2][body] POST https://www.googleapis.com/oauth2/v3/token [omitted]
[debug] [2024-11-13T13:23:14.319Z] <<< [apiv2][status] POST https://www.googleapis.com/oauth2/v3/token 200
[debug] [2024-11-13T13:23:14.319Z] <<< [apiv2][body] POST https://www.googleapis.com/oauth2/v3/token [omitted]
[debug] [2024-11-13T13:23:14.336Z] >>> [apiv2][query] POST https://cloudresourcemanager.googleapis.com/v1/projects/morgen-d34db:testIamPermissions [none]
[debug] [2024-11-13T13:23:14.336Z] >>> [apiv2][(partial)header] POST https://cloudresourcemanager.googleapis.com/v1/projects/morgen-d34db:testIamPermissions x-goog-quota-user=projects/morgen-d34db
[debug] [2024-11-13T13:23:14.336Z] >>> [apiv2][body] POST https://cloudresourcemanager.googleapis.com/v1/projects/morgen-d34db:testIamPermissions {"permissions":["firebase.projects.get","firebasehosting.sites.update"]}
[debug] [2024-11-13T13:23:14.481Z] <<< [apiv2][status] GET https://firebase-public.firebaseio.com/cli.json 200
[debug] [2024-11-13T13:23:14.481Z] <<< [apiv2][body] GET https://firebase-public.firebaseio.com/cli.json {"cloudBuildErrorAfter":1594252800000,"cloudBuildWarnAfter":1590019200000,"defaultNode10After":1594252800000,"minVersion":"3.0.5","node8DeploysDisabledAfter":1613390400000,"node8RuntimeDisabledAfter":1615809600000,"node8WarnAfter":1600128000000}
[debug] [2024-11-13T13:23:14.597Z] <<< [apiv2][status] POST https://cloudresourcemanager.googleapis.com/v1/projects/morgen-d34db:testIamPermissions 200
[debug] [2024-11-13T13:23:14.597Z] <<< [apiv2][body] POST https://cloudresourcemanager.googleapis.com/v1/projects/morgen-d34db:testIamPermissions {"permissions":["firebase.projects.get","firebasehosting.sites.update"]}
[debug] [2024-11-13T13:23:14.598Z] >>> [apiv2][query] GET https://firebase.googleapis.com/v1beta1/projects/morgen-d34db [none]
[debug] [2024-11-13T13:23:15.101Z] <<< [apiv2][status] GET https://firebase.googleapis.com/v1beta1/projects/morgen-d34db 200
[debug] [2024-11-13T13:23:15.101Z] <<< [apiv2][body] GET https://firebase.googleapis.com/v1beta1/projects/morgen-d34db {"projectId":"morgen-d34db","projectNumber":"297591587225","displayName":"Morgen","name":"projects/morgen-d34db","resources":{"hostingSite":"morgen-d34db","realtimeDatabaseInstance":"morgen-d34db-default-rtdb","storageBucket":"morgen-d34db.appspot.com","locationId":"europe-west6"},"state":"ACTIVE","etag":"1_d333582c-d3a3-4cb7-a751-1c87be11c3bc"}
[info] 
[info] === Deploying to 'morgen-d34db'...
[info] 
[info] i  deploying hosting 
[debug] [2024-11-13T13:23:15.111Z] >>> [apiv2][query] POST https://firebasehosting.googleapis.com/v1beta1/projects/-/sites/morgen-docs/versions [none]
[debug] [2024-11-13T13:23:15.111Z] >>> [apiv2][body] POST https://firebasehosting.googleapis.com/v1beta1/projects/-/sites/morgen-docs/versions {"status":"CREATED","labels":{"deployment-tool":"cli-firebase"}}
[debug] [2024-11-13T13:23:17.006Z] <<< [apiv2][status] POST https://firebasehosting.googleapis.com/v1beta1/projects/-/sites/morgen-docs/versions 200
[debug] [2024-11-13T13:23:17.006Z] <<< [apiv2][body] POST https://firebasehosting.googleapis.com/v1beta1/projects/-/sites/morgen-docs/versions {"name":"projects/297591587225/sites/morgen-docs/versions/47815eef540cd3b6","status":"CREATED","config":{},"labels":{"deployment-tool":"cli-firebase"}}
[info] i  hosting[morgen-docs]: beginning deploy... 
[info] i  hosting[morgen-docs]: found 28 files in out 
[debug] [2024-11-13T13:23:17.025Z] [hosting] uploading with 200 concurrency
[debug] [2024-11-13T13:23:17.056Z] [hosting] hash cache [b3V0] stored for 28 files
[debug] [2024-11-13T13:23:17.056Z] [hosting][hash queue][FINAL] {"max":21,"min":10,"avg":12.321428571428571,"active":0,"complete":28,"success":28,"errored":0,"retried":0,"total":28,"elapsed":27}
[debug] [2024-11-13T13:23:17.056Z] >>> [apiv2][query] POST https://firebasehosting.googleapis.com/v1beta1/projects/297591587225/sites/morgen-docs/versions/47815eef540cd3b6:populateFiles [none]
[debug] [2024-11-13T13:23:17.056Z] >>> [apiv2][body] POST https://firebasehosting.googleapis.com/v1beta1/projects/297591587225/sites/morgen-docs/versions/47815eef540cd3b6:populateFiles {"files":{"/404.html":"2fbcf38923fa95f7183081dc6cd8e251a46f0abbbf0a7334b071de3b88377eca","/authentication.html":"fd4503aa123d5cc382b240682c2d166a5c065fdc8e90283f75b8a9101820a4d6","/events-rsvp-draft.html":"95a48985228272218abee46d8b4e62d1a9a7500d906762d522abd0d581cf1c6c","/index.html":"0c36f3e937c5ba670e9ca916e8fd8ffd9b08c7ce8dc31b9726459a44886d5f4e","/calendars.html":"d274c21253eb1fe609818a0a0756af2cf8bb551cd643790bae7de7fc5ab69987","/introduction.html":"71b7c6efca328ae7a172776dc6816ccf994bcdcc63e5866435e718c889ed4db9","/videoconferencing-draft.html":"a8bdbd75b858139cd0cb034cf04b26471a58cbdac8db1a741d54e4f8f1cdfadf","/_next/static/chunks/714-763a91379d49d963.js":"97eb20d17633e36d6bb877298dece572172061e75b01a679af06e6e2e545cc86","/integrations.html":"3a7cf83a8c61748fdbf38549a639373439539c8b72dfa8fda33d32586caaa982","/_next/static/chunks/webpack-6efcf3b4cfe438c7.js":"f68adbc9dbea5bcad19ce8005f63f2838383e7d11e28afa107e0814bf2b17869","/_next/static/chunks/nextra-data-en-US.json":"00156853552196d441533ed5ef00ddfa4977e5adb29140d6b205edd7e060abd9","/_next/static/chunks/pages/_error-13e2cd7e612ec5be.js":"3f80e3587540b1e8bd4a178290ed3da62ebe9a8934fe09deec16fb1ec4b05c6a","/_next/static/chunks/pages/calendars-172bd5822fe0e5bb.js":"bd522f01d91ab9d01b61bee03689edac81aeed8b9073bd8296a1765192438fef","/_next/static/chunks/pages/authentication-701e929d43830951.js":"3379d88b5ef3bdb80d6823bec552da110f8a318b630b6ba861527f8152562736","/_next/static/chunks/pages/index-4fc2e9ea15e1911f.js":"0d1110242ab1cd1ec009d49a313214f420e3388b7c1f60ef8c8ee1d726838a6a","/_next/static/chunks/pages/integrations-2a26fa74ad23b20a.js":"074cc1e8849a928a218c4e21e025d8b6ba87976ac7d3f4d0751dd2c7d4386143","/_next/static/chunks/pages/introduction-698c163b5ace84be.js":"67c54d94df09e6c3dab0ce9609339d40546be53aeeeeeff01c61d9367fa4fb53","/_next/static/chunks/pages/videoconferencing-draft-b3561e46c55825bd.js":"42bc630fbcb5cecfb9f8bd5f07d0d4e148e97189b19517fa26fbc2eeabcc092b","/_next/static/sfC71KGDa_pIqztDv01tk/_ssgManifest.js":"5c126729f9831113842c425975615db312fa26d39f3a9e1baa47d4ad65ac2f90","/_next/static/chunks/pages/events-rsvp-draft-6fc9f76543ff63ef.js":"8922d6c17e59c34e4390174c9671b1f80caf103c8203e88759a6e1b7d86b4cf8","/_next/static/sfC71KGDa_pIqztDv01tk/_buildManifest.js":"e9948af2715ae5cdfb1fd38749ed17d404e3570083aeb143e710eadc9d7db749","/events.html":"ede43b658d77b9f75721ea2ff1acbe524dfed0f3810036680749ffa522672922","/_next/static/chunks/pages/events-cb5aa332a1e9c790.js":"240de62bbcb78e4e7aa9b3b27b7422e0aee3d0871091481404ad32504ddf9555","/_next/static/css/8680f38ceb9f19a7.css":"0411c943d7372ad5fc617bb0792b4c4df28ec1e5fc79a76801af0a6008f83e78","/_next/static/chunks/polyfills-c67a75d1b6f99dc8.js":"9f22ebbc1e5746bc08aa476baa8169d3ac2c27814dba6bf675b749113ac4943e","/_next/static/chunks/main-9475e60853ec669b.js":"12115227b926ac6c67268010310bcba16ab82b466fb7b8d072fdf17f52efceed","/_next/static/chunks/framework-6d147d7a7a824486.js":"80951bbed986906529606f5e2a70d80b031866d4fe12c7633d000564c43eaa18","/_next/static/chunks/pages/_app-f8945b000265466b.js":"780c211ade8d01703ce8b07ea4584e0253f1003c5802737d8011968fafa0b7dd"}}
